[2020-03-27 14:32:31.152] [jointLog] [info] Fragment incompatibility prior below threshold.  Incompatible fragments will be ignored.
[2020-03-27 14:32:31.152] [jointLog] [info] Usage of --validateMappings implies use of minScoreFraction. Since not explicitly specified, it is being set to 0.65
[2020-03-27 14:32:31.152] [jointLog] [info] Usage of --validateMappings implies a default consensus slack of 0.2. Setting consensusSlack to 0.35.
[2020-03-27 14:32:31.152] [jointLog] [info] parsing read library format
[2020-03-27 14:32:31.152] [jointLog] [info] There is 1 library.
[2020-03-27 14:32:31.222] [jointLog] [info] Loading pufferfish index
[2020-03-27 14:32:31.222] [jointLog] [info] Loading dense pufferfish index.
[2020-03-27 14:32:31.424] [jointLog] [info] done
[2020-03-27 14:32:31.424] [jointLog] [info] Index contained 35,749 targets
[2020-03-27 14:32:32.352] [jointLog] [info] Number of decoys : 0
[2020-03-27 14:32:32.806] [jointLog] [info] Automatically detected most likely library type as ISR
[2020-03-27 14:33:25.661] [jointLog] [info] Thread saw mini-batch with a maximum of 0.64% zero probability fragments
[2020-03-27 14:33:25.662] [jointLog] [info] Thread saw mini-batch with a maximum of 0.70% zero probability fragments
[2020-03-27 14:33:25.670] [jointLog] [info] Thread saw mini-batch with a maximum of 0.68% zero probability fragments
[2020-03-27 14:33:25.678] [jointLog] [info] Thread saw mini-batch with a maximum of 0.62% zero probability fragments
[2020-03-27 14:33:25.689] [jointLog] [info] Thread saw mini-batch with a maximum of 0.64% zero probability fragments
[2020-03-27 14:33:25.733] [jointLog] [info] Thread saw mini-batch with a maximum of 0.70% zero probability fragments
[2020-03-27 14:33:25.740] [jointLog] [info] Thread saw mini-batch with a maximum of 0.76% zero probability fragments
[2020-03-27 14:33:25.763] [jointLog] [info] Thread saw mini-batch with a maximum of 0.66% zero probability fragments
[2020-03-27 14:33:25.866] [jointLog] [info] Computed 82,200 rich equivalence classes for further processing
[2020-03-27 14:33:25.866] [jointLog] [info] Counted 11,610,744 total reads in the equivalence classes 
[2020-03-27 14:33:25.875] [jointLog] [info] Number of mappings discarded because of alignment score : 2,348,969
[2020-03-27 14:33:25.875] [jointLog] [info] Number of fragments entirely discarded because of alignment score : 377,462
[2020-03-27 14:33:25.875] [jointLog] [info] Number of fragments discarded because they are best-mapped to decoys : 0
[2020-03-27 14:33:25.875] [jointLog] [info] Number of fragments discarded because they have only dovetail (discordant) mappings to valid targets : 1,646,925
[2020-03-27 14:33:25.875] [jointLog] [info] Mapping rate = 92.145%

[2020-03-27 14:33:25.875] [jointLog] [info] finished quantifyLibrary()
[2020-03-27 14:33:25.877] [jointLog] [info] Starting optimizer
[2020-03-27 14:33:25.910] [jointLog] [info] Marked 0 weighted equivalence classes as degenerate
[2020-03-27 14:33:25.915] [jointLog] [info] iteration = 0 | max rel diff. = 22813.5
[2020-03-27 14:33:25.965] [jointLog] [info] iteration 11, adjusting effective lengths to account for biases
[2020-03-27 14:33:25.867] [fileLog] [info] 
At end of round 0
==================
Observed 12600508 total fragments (12600508 in most recent round)

[2020-03-27 14:33:38.849] [jointLog] [info] Computed expected counts (for bias correction)
[2020-03-27 14:33:38.852] [jointLog] [info] processed bias for 0.0% of the transcripts
[2020-03-27 14:33:40.101] [jointLog] [info] processed bias for 10.0% of the transcripts
[2020-03-27 14:33:41.177] [jointLog] [info] processed bias for 20.0% of the transcripts
[2020-03-27 14:33:42.380] [jointLog] [info] processed bias for 30.0% of the transcripts
[2020-03-27 14:33:43.692] [jointLog] [info] processed bias for 40.0% of the transcripts
[2020-03-27 14:33:45.253] [jointLog] [info] processed bias for 50.0% of the transcripts
[2020-03-27 14:33:46.911] [jointLog] [info] processed bias for 60.0% of the transcripts
[2020-03-27 14:33:48.581] [jointLog] [info] processed bias for 70.0% of the transcripts
[2020-03-27 14:33:49.911] [jointLog] [info] processed bias for 80.0% of the transcripts
[2020-03-27 14:33:51.082] [jointLog] [info] processed bias for 90.0% of the transcripts
[2020-03-27 14:33:52.875] [jointLog] [info] processed bias for 100.0% of the transcripts
[2020-03-27 14:33:53.047] [jointLog] [info] processed bias for 100.0% of the transcripts
[2020-03-27 14:33:53.505] [jointLog] [info] iteration = 100 | max rel diff. = 15.6222
[2020-03-27 14:33:54.012] [jointLog] [info] iteration = 200 | max rel diff. = 11.5152
[2020-03-27 14:33:54.509] [jointLog] [info] iteration = 300 | max rel diff. = 12.6416
[2020-03-27 14:33:55.017] [jointLog] [info] iteration = 400 | max rel diff. = 14.3443
[2020-03-27 14:33:55.519] [jointLog] [info] iteration = 500 | max rel diff. = 4.41438
[2020-03-27 14:33:56.021] [jointLog] [info] iteration = 600 | max rel diff. = 3.2994
[2020-03-27 14:33:56.543] [jointLog] [info] iteration = 700 | max rel diff. = 2.60889
[2020-03-27 14:33:57.132] [jointLog] [info] iteration = 800 | max rel diff. = 0.228851
[2020-03-27 14:33:57.722] [jointLog] [info] iteration = 900 | max rel diff. = 2.52696
[2020-03-27 14:33:58.298] [jointLog] [info] iteration = 1,000 | max rel diff. = 0.172136
[2020-03-27 14:33:58.847] [jointLog] [info] iteration = 1,100 | max rel diff. = 0.207903
[2020-03-27 14:33:59.411] [jointLog] [info] iteration = 1,200 | max rel diff. = 0.844966
[2020-03-27 14:33:59.975] [jointLog] [info] iteration = 1,300 | max rel diff. = 0.09803
[2020-03-27 14:34:00.534] [jointLog] [info] iteration = 1,400 | max rel diff. = 0.0306088
[2020-03-27 14:34:01.140] [jointLog] [info] iteration = 1,500 | max rel diff. = 0.0364355
[2020-03-27 14:34:01.746] [jointLog] [info] iteration = 1,600 | max rel diff. = 0.168249
[2020-03-27 14:34:02.356] [jointLog] [info] iteration = 1,700 | max rel diff. = 2.7853
[2020-03-27 14:34:02.930] [jointLog] [info] iteration = 1,800 | max rel diff. = 0.0138724
[2020-03-27 14:34:03.467] [jointLog] [info] iteration = 1,900 | max rel diff. = 0.0727592
[2020-03-27 14:34:03.970] [jointLog] [info] iteration = 1,996 | max rel diff. = 0.00509653
[2020-03-27 14:34:03.971] [jointLog] [info] Finished optimizer
[2020-03-27 14:34:03.971] [jointLog] [info] writing output 

