[2020-03-27 14:36:53.179] [jointLog] [info] Fragment incompatibility prior below threshold.  Incompatible fragments will be ignored.
[2020-03-27 14:36:53.179] [jointLog] [info] Usage of --validateMappings implies use of minScoreFraction. Since not explicitly specified, it is being set to 0.65
[2020-03-27 14:36:53.179] [jointLog] [info] Usage of --validateMappings implies a default consensus slack of 0.2. Setting consensusSlack to 0.35.
[2020-03-27 14:36:53.179] [jointLog] [info] parsing read library format
[2020-03-27 14:36:53.179] [jointLog] [info] There is 1 library.
[2020-03-27 14:36:53.242] [jointLog] [info] Loading pufferfish index
[2020-03-27 14:36:53.242] [jointLog] [info] Loading dense pufferfish index.
[2020-03-27 14:36:53.429] [jointLog] [info] done
[2020-03-27 14:36:53.429] [jointLog] [info] Index contained 35,749 targets
[2020-03-27 14:36:54.357] [jointLog] [info] Number of decoys : 0
[2020-03-27 14:36:54.775] [jointLog] [info] Automatically detected most likely library type as ISR
[2020-03-27 14:37:46.712] [jointLog] [info] Thread saw mini-batch with a maximum of 0.76% zero probability fragments
[2020-03-27 14:37:46.746] [jointLog] [info] Thread saw mini-batch with a maximum of 0.78% zero probability fragments
[2020-03-27 14:37:46.751] [jointLog] [info] Thread saw mini-batch with a maximum of 0.72% zero probability fragments
[2020-03-27 14:37:46.753] [jointLog] [info] Thread saw mini-batch with a maximum of 0.74% zero probability fragments
[2020-03-27 14:37:46.769] [jointLog] [info] Thread saw mini-batch with a maximum of 0.82% zero probability fragments
[2020-03-27 14:37:46.786] [jointLog] [info] Thread saw mini-batch with a maximum of 0.74% zero probability fragments
[2020-03-27 14:37:46.810] [jointLog] [info] Thread saw mini-batch with a maximum of 0.78% zero probability fragments
[2020-03-27 14:37:46.812] [jointLog] [info] Thread saw mini-batch with a maximum of 0.82% zero probability fragments
[2020-03-27 14:37:46.902] [jointLog] [info] Computed 68,250 rich equivalence classes for further processing
[2020-03-27 14:37:46.902] [jointLog] [info] Counted 11,351,817 total reads in the equivalence classes 
[2020-03-27 14:37:46.911] [jointLog] [info] Number of mappings discarded because of alignment score : 1,550,333
[2020-03-27 14:37:46.911] [jointLog] [info] Number of fragments entirely discarded because of alignment score : 236,724
[2020-03-27 14:37:46.911] [jointLog] [info] Number of fragments discarded because they are best-mapped to decoys : 0
[2020-03-27 14:37:46.911] [jointLog] [info] Number of fragments discarded because they have only dovetail (discordant) mappings to valid targets : 1,228,270
[2020-03-27 14:37:46.911] [jointLog] [info] Mapping rate = 92.7987%

[2020-03-27 14:37:46.911] [jointLog] [info] finished quantifyLibrary()
[2020-03-27 14:37:46.913] [jointLog] [info] Starting optimizer
[2020-03-27 14:37:46.941] [jointLog] [info] Marked 0 weighted equivalence classes as degenerate
[2020-03-27 14:37:46.945] [jointLog] [info] iteration = 0 | max rel diff. = 22398.5
[2020-03-27 14:37:46.984] [jointLog] [info] iteration 11, adjusting effective lengths to account for biases
[2020-03-27 14:37:46.903] [fileLog] [info] 
At end of round 0
==================
Observed 12232732 total fragments (12232732 in most recent round)

[2020-03-27 14:38:00.721] [jointLog] [info] Computed expected counts (for bias correction)
[2020-03-27 14:38:00.723] [jointLog] [info] processed bias for 0.0% of the transcripts
[2020-03-27 14:38:02.501] [jointLog] [info] processed bias for 10.0% of the transcripts
[2020-03-27 14:38:04.429] [jointLog] [info] processed bias for 20.0% of the transcripts
[2020-03-27 14:38:06.055] [jointLog] [info] processed bias for 30.0% of the transcripts
[2020-03-27 14:38:07.875] [jointLog] [info] processed bias for 40.0% of the transcripts
[2020-03-27 14:38:09.735] [jointLog] [info] processed bias for 50.0% of the transcripts
[2020-03-27 14:38:11.144] [jointLog] [info] processed bias for 60.0% of the transcripts
[2020-03-27 14:38:12.046] [jointLog] [info] processed bias for 70.0% of the transcripts
[2020-03-27 14:38:12.871] [jointLog] [info] processed bias for 80.0% of the transcripts
[2020-03-27 14:38:13.932] [jointLog] [info] processed bias for 90.0% of the transcripts
[2020-03-27 14:38:15.295] [jointLog] [info] processed bias for 100.0% of the transcripts
[2020-03-27 14:38:15.310] [jointLog] [info] processed bias for 100.0% of the transcripts
[2020-03-27 14:38:15.681] [jointLog] [info] iteration = 100 | max rel diff. = 14.2248
[2020-03-27 14:38:16.094] [jointLog] [info] iteration = 200 | max rel diff. = 12.616
[2020-03-27 14:38:16.517] [jointLog] [info] iteration = 300 | max rel diff. = 17.6851
[2020-03-27 14:38:16.940] [jointLog] [info] iteration = 400 | max rel diff. = 3.34153
[2020-03-27 14:38:17.348] [jointLog] [info] iteration = 500 | max rel diff. = 0.587473
[2020-03-27 14:38:17.770] [jointLog] [info] iteration = 600 | max rel diff. = 1.26856
[2020-03-27 14:38:18.196] [jointLog] [info] iteration = 700 | max rel diff. = 0.174824
[2020-03-27 14:38:18.672] [jointLog] [info] iteration = 800 | max rel diff. = 0.108821
[2020-03-27 14:38:19.155] [jointLog] [info] iteration = 900 | max rel diff. = 1.33232
[2020-03-27 14:38:19.583] [jointLog] [info] iteration = 1,000 | max rel diff. = 1.1557
[2020-03-27 14:38:20.015] [jointLog] [info] iteration = 1,100 | max rel diff. = 0.0493851
[2020-03-27 14:38:20.446] [jointLog] [info] iteration = 1,200 | max rel diff. = 0.0852445
[2020-03-27 14:38:20.899] [jointLog] [info] iteration = 1,300 | max rel diff. = 0.0423416
[2020-03-27 14:38:21.345] [jointLog] [info] iteration = 1,400 | max rel diff. = 0.528689
[2020-03-27 14:38:21.798] [jointLog] [info] iteration = 1,500 | max rel diff. = 0.105724
[2020-03-27 14:38:22.253] [jointLog] [info] iteration = 1,600 | max rel diff. = 0.0212824
[2020-03-27 14:38:22.720] [jointLog] [info] iteration = 1,700 | max rel diff. = 0.299129
[2020-03-27 14:38:23.186] [jointLog] [info] iteration = 1,800 | max rel diff. = 0.991823
[2020-03-27 14:38:23.327] [jointLog] [info] iteration = 1,831 | max rel diff. = 0.00867309
[2020-03-27 14:38:23.328] [jointLog] [info] Finished optimizer
[2020-03-27 14:38:23.328] [jointLog] [info] writing output 

