[2020-03-27 14:38:24.777] [jointLog] [info] Fragment incompatibility prior below threshold.  Incompatible fragments will be ignored.
[2020-03-27 14:38:24.777] [jointLog] [info] Usage of --validateMappings implies use of minScoreFraction. Since not explicitly specified, it is being set to 0.65
[2020-03-27 14:38:24.777] [jointLog] [info] Usage of --validateMappings implies a default consensus slack of 0.2. Setting consensusSlack to 0.35.
[2020-03-27 14:38:24.777] [jointLog] [info] parsing read library format
[2020-03-27 14:38:24.777] [jointLog] [info] There is 1 library.
[2020-03-27 14:38:24.854] [jointLog] [info] Loading pufferfish index
[2020-03-27 14:38:24.854] [jointLog] [info] Loading dense pufferfish index.
[2020-03-27 14:38:25.054] [jointLog] [info] done
[2020-03-27 14:38:25.054] [jointLog] [info] Index contained 35,749 targets
[2020-03-27 14:38:25.977] [jointLog] [info] Number of decoys : 0
[2020-03-27 14:38:26.388] [jointLog] [info] Automatically detected most likely library type as ISR
[2020-03-27 14:39:15.378] [fileLog] [info] 
At end of round 0
==================
Observed 11669687 total fragments (11669687 in most recent round)

[2020-03-27 14:39:15.141] [jointLog] [info] Thread saw mini-batch with a maximum of 0.66% zero probability fragments
[2020-03-27 14:39:15.155] [jointLog] [info] Thread saw mini-batch with a maximum of 0.66% zero probability fragments
[2020-03-27 14:39:15.183] [jointLog] [info] Thread saw mini-batch with a maximum of 0.66% zero probability fragments
[2020-03-27 14:39:15.213] [jointLog] [info] Thread saw mini-batch with a maximum of 0.66% zero probability fragments
[2020-03-27 14:39:15.222] [jointLog] [info] Thread saw mini-batch with a maximum of 0.72% zero probability fragments
[2020-03-27 14:39:15.237] [jointLog] [info] Thread saw mini-batch with a maximum of 0.66% zero probability fragments
[2020-03-27 14:39:15.242] [jointLog] [info] Thread saw mini-batch with a maximum of 0.74% zero probability fragments
[2020-03-27 14:39:15.274] [jointLog] [info] Thread saw mini-batch with a maximum of 0.72% zero probability fragments
[2020-03-27 14:39:15.377] [jointLog] [info] Computed 67,819 rich equivalence classes for further processing
[2020-03-27 14:39:15.377] [jointLog] [info] Counted 10,888,691 total reads in the equivalence classes 
[2020-03-27 14:39:15.387] [jointLog] [info] Number of mappings discarded because of alignment score : 1,530,027
[2020-03-27 14:39:15.387] [jointLog] [info] Number of fragments entirely discarded because of alignment score : 235,302
[2020-03-27 14:39:15.387] [jointLog] [info] Number of fragments discarded because they are best-mapped to decoys : 0
[2020-03-27 14:39:15.387] [jointLog] [info] Number of fragments discarded because they have only dovetail (discordant) mappings to valid targets : 1,244,512
[2020-03-27 14:39:15.387] [jointLog] [info] Mapping rate = 93.3075%

[2020-03-27 14:39:15.387] [jointLog] [info] finished quantifyLibrary()
[2020-03-27 14:39:15.388] [jointLog] [info] Starting optimizer
[2020-03-27 14:39:15.668] [jointLog] [info] Marked 0 weighted equivalence classes as degenerate
[2020-03-27 14:39:15.673] [jointLog] [info] iteration = 0 | max rel diff. = 22902.4
[2020-03-27 14:39:15.724] [jointLog] [info] iteration 11, adjusting effective lengths to account for biases
[2020-03-27 14:39:28.990] [jointLog] [info] Computed expected counts (for bias correction)
[2020-03-27 14:39:28.992] [jointLog] [info] processed bias for 0.0% of the transcripts
[2020-03-27 14:39:30.414] [jointLog] [info] processed bias for 10.0% of the transcripts
[2020-03-27 14:39:31.966] [jointLog] [info] processed bias for 20.0% of the transcripts
[2020-03-27 14:39:33.424] [jointLog] [info] processed bias for 30.0% of the transcripts
[2020-03-27 14:39:34.957] [jointLog] [info] processed bias for 40.0% of the transcripts
[2020-03-27 14:39:36.380] [jointLog] [info] processed bias for 50.0% of the transcripts
[2020-03-27 14:39:37.490] [jointLog] [info] processed bias for 60.0% of the transcripts
[2020-03-27 14:39:38.741] [jointLog] [info] processed bias for 70.0% of the transcripts
[2020-03-27 14:39:40.020] [jointLog] [info] processed bias for 80.0% of the transcripts
[2020-03-27 14:39:41.496] [jointLog] [info] processed bias for 90.0% of the transcripts
[2020-03-27 14:39:43.116] [jointLog] [info] processed bias for 100.0% of the transcripts
[2020-03-27 14:39:43.144] [jointLog] [info] processed bias for 100.0% of the transcripts
[2020-03-27 14:39:43.517] [jointLog] [info] iteration = 100 | max rel diff. = 10.9892
[2020-03-27 14:39:43.924] [jointLog] [info] iteration = 200 | max rel diff. = 4.92598
[2020-03-27 14:39:44.341] [jointLog] [info] iteration = 300 | max rel diff. = 4.44013
[2020-03-27 14:39:44.759] [jointLog] [info] iteration = 400 | max rel diff. = 1.18632
[2020-03-27 14:39:45.175] [jointLog] [info] iteration = 500 | max rel diff. = 0.849526
[2020-03-27 14:39:45.593] [jointLog] [info] iteration = 600 | max rel diff. = 0.119545
[2020-03-27 14:39:46.009] [jointLog] [info] iteration = 700 | max rel diff. = 0.15338
[2020-03-27 14:39:46.425] [jointLog] [info] iteration = 800 | max rel diff. = 0.701425
[2020-03-27 14:39:46.840] [jointLog] [info] iteration = 900 | max rel diff. = 0.469034
[2020-03-27 14:39:47.254] [jointLog] [info] iteration = 1,000 | max rel diff. = 3.07215
[2020-03-27 14:39:47.664] [jointLog] [info] iteration = 1,100 | max rel diff. = 0.889953
[2020-03-27 14:39:48.078] [jointLog] [info] iteration = 1,200 | max rel diff. = 0.464606
[2020-03-27 14:39:48.555] [jointLog] [info] iteration = 1,300 | max rel diff. = 0.0686023
[2020-03-27 14:39:49.026] [jointLog] [info] iteration = 1,400 | max rel diff. = 16.341
[2020-03-27 14:39:49.496] [jointLog] [info] iteration = 1,500 | max rel diff. = 0.06925
[2020-03-27 14:39:49.973] [jointLog] [info] iteration = 1,600 | max rel diff. = 0.0727294
[2020-03-27 14:39:50.452] [jointLog] [info] iteration = 1,700 | max rel diff. = 0.150315
[2020-03-27 14:39:50.809] [jointLog] [info] iteration = 1,783 | max rel diff. = 0.00688624
[2020-03-27 14:39:50.810] [jointLog] [info] Finished optimizer
[2020-03-27 14:39:50.810] [jointLog] [info] writing output 

